0 info it worked if it ends with ok
1 verbose cli [ '/home/user/.nvm/versions/node/v6.0.0/bin/node',
1 verbose cli   '/home/user/.nvm/versions/node/v6.0.0/bin/npm',
1 verbose cli   'run',
1 verbose cli   'dev' ]
2 info using npm@3.8.6
3 info using node@v6.0.0
4 verbose run-script [ 'predev', 'dev', 'postdev' ]
5 info lifecycle portfolio@0.0.1~predev: portfolio@0.0.1
6 silly lifecycle portfolio@0.0.1~predev: no script for predev, continuing
7 info lifecycle portfolio@0.0.1~dev: portfolio@0.0.1
8 verbose lifecycle portfolio@0.0.1~dev: unsafe-perm in lifecycle true
9 verbose lifecycle portfolio@0.0.1~dev: PATH: /home/user/.nvm/versions/node/v6.0.0/lib/node_modules/npm/bin/node-gyp-bin:/home/user/projets_perso/portfolio/node_modules/.bin:/home/user/.nvm/versions/node/v6.0.0/bin:/home/user/Téléchargements/google-cloud-sdk/bin:/home/user/.nvm/versions/node/v6.0.0/bin:/home/user/.local/bin:/home/user/bin:/usr/lib64/ccache:/usr/local/bin:/usr/bin:/bin:/usr/local/sbin:/usr/sbin:/sbin:/var/lib/snapd/snap/bin
10 verbose lifecycle portfolio@0.0.1~dev: CWD: /home/user/projets_perso/portfolio
11 silly lifecycle portfolio@0.0.1~dev: Args: [ '-c', 'vite dev' ]
12 silly lifecycle portfolio@0.0.1~dev: Returned: code: 1  signal: null
13 info lifecycle portfolio@0.0.1~dev: Failed to exec dev script
14 verbose stack Error: portfolio@0.0.1 dev: `vite dev`
14 verbose stack Exit status 1
14 verbose stack     at EventEmitter.<anonymous> (/home/user/.nvm/versions/node/v6.0.0/lib/node_modules/npm/lib/utils/lifecycle.js:239:16)
14 verbose stack     at emitTwo (events.js:106:13)
14 verbose stack     at EventEmitter.emit (events.js:191:7)
14 verbose stack     at ChildProcess.<anonymous> (/home/user/.nvm/versions/node/v6.0.0/lib/node_modules/npm/lib/utils/spawn.js:24:14)
14 verbose stack     at emitTwo (events.js:106:13)
14 verbose stack     at ChildProcess.emit (events.js:191:7)
14 verbose stack     at maybeClose (internal/child_process.js:850:16)
14 verbose stack     at Process.ChildProcess._handle.onexit (internal/child_process.js:215:5)
15 verbose pkgid portfolio@0.0.1
16 verbose cwd /home/user/projets_perso/portfolio
17 error Linux 6.10.7-200.fc40.x86_64
18 error argv "/home/user/.nvm/versions/node/v6.0.0/bin/node" "/home/user/.nvm/versions/node/v6.0.0/bin/npm" "run" "dev"
19 error node v6.0.0
20 error npm  v3.8.6
21 error code ELIFECYCLE
22 error portfolio@0.0.1 dev: `vite dev`
22 error Exit status 1
23 error Failed at the portfolio@0.0.1 dev script 'vite dev'.
23 error Make sure you have the latest version of node.js and npm installed.
23 error If you do, this is most likely a problem with the portfolio package,
23 error not with npm itself.
23 error Tell the author that this fails on your system:
23 error     vite dev
23 error You can get information on how to open an issue for this project with:
23 error     npm bugs portfolio
23 error Or if that isn't available, you can get their info via:
23 error     npm owner ls portfolio
23 error There is likely additional logging output above.
24 verbose exit [ 1, true ]
